Terminals unused in grammar

   T_NEWLINE
   T_MODULO
   T_NOT
   T_QUESTIONM
   T_COLON
   T_LOG
   T_EXP
   T_SQRT
   T_RIGHT_OP
   T_LEFT_OP
   T_PTR_OP


Grammar

    0 $accept: ROOT $end

    1 ROOT: BASE

    2 BASE: FUNCTIONLIST
    3     | FUNCTIONLIST ALLSTATE
    4     | DECLARATIONLIST
    5     | FACTOR

    6 FUNCTIONLIST: DECLARATIONLIST FUNCTION
    7             | FUNCTION
    8             | FUNCTIONLIST FUNCTION
    9             | FUNCTIONLIST DECLARATIONLIST FUNCTION
   10             | FUNCTION T_SEMICOLON

   11 FUNCTION: TYPE T_VARIABLE T_LBRACKET PARAMLIST T_RBRACKET T_LCURLY ALLSTATE T_RCURLY
   12         | TYPE T_VARIABLE T_LBRACKET T_RBRACKET T_LCURLY ALLSTATE T_RCURLY
   13         | TYPE T_VARIABLE T_LBRACKET T_RBRACKET T_LCURLY T_RCURLY
   14         | TYPE T_VARIABLE T_LBRACKET PARAMLIST T_RBRACKET T_LCURLY T_RCURLY
   15         | TYPE T_VARIABLE T_LBRACKET T_RBRACKET
   16         | TYPE T_VARIABLE T_LBRACKET PARAMLIST T_RBRACKET

   17 PARAMLIST: PARAM
   18          | PARAMLIST T_COMMAR PARAM

   19 PARAM: TYPE T_VARIABLE

   20 ALLSTATE: DECLARATIONLIST STATEMENTLIST
   21         | STATEMENTLIST
   22         | DECLARATIONLIST

   23 STATEMENTLIST: STATEMENT
   24              | STATEMENT T_SEMICOLON
   25              | STATEMENTLIST STATEMENT
   26              | STATEMENTLIST STATEMENT T_SEMICOLON

   27 STATEMENT: T_VARIABLE ASSIGNMENT_OP EXPR
   28          | T_RETURN EXPR T_SEMICOLON
   29          | INCDEC T_VARIABLE
   30          | T_VARIABLE INCDEC
   31          | T_RETURN T_VARIABLE INCDEC T_SEMICOLON
   32          | T_RETURN INCDEC T_VARIABLE T_SEMICOLON
   33          | IFLOOP
   34          | WHILE
   35          | FORLOOP

   36 IFLOOP: T_IF T_LBRACKET COMPARE T_RBRACKET T_LCURLY ALLSTATE T_RCURLY
   37       | T_IF T_LBRACKET COMPARE T_RBRACKET T_LCURLY T_RCURLY
   38       | T_IF T_LBRACKET COMPARE T_RBRACKET T_LCURLY ALLSTATE T_RCURLY T_ELSE T_LCURLY ALLSTATE T_RCURLY
   39       | T_IF T_LBRACKET COMPARE T_RBRACKET T_LCURLY ALLSTATE T_RCURLY T_ELSE T_LCURLY T_RCURLY
   40       | T_IF T_LBRACKET COMPARE T_RBRACKET T_LCURLY T_RCURLY T_ELSE T_LCURLY ALLSTATE T_RCURLY
   41       | T_IF T_LBRACKET COMPARE T_RBRACKET T_LCURLY T_RCURLY T_ELSE T_LCURLY T_RCURLY
   42       | T_IF T_LBRACKET FACTOR T_RBRACKET T_LCURLY ALLSTATE T_RCURLY

   43 WHILE: T_WHILE T_LBRACKET COMPARE T_RBRACKET T_LCURLY ALLSTATE T_RCURLY
   44      | T_WHILE T_LBRACKET COMPARE T_RBRACKET ALLSTATE T_RCURLY
   45      | T_WHILE T_LBRACKET FACTOR T_RBRACKET T_LCURLY ALLSTATE T_RCURLY
   46      | T_WHILE T_LBRACKET FACTOR T_RBRACKET T_LCURLY T_RCURLY

   47 FORLOOP: T_FOR T_LBRACKET DECLARATION COMPARE T_SEMICOLON STATEMENT T_RBRACKET T_LCURLY ALLSTATE T_RCURLY

   48 FUNCTIONCALL: T_VARIABLE T_LBRACKET ARGUMENTLIST T_RBRACKET
   49             | T_VARIABLE T_LBRACKET T_RBRACKET

   50 ARGUMENTLIST: ARGUMENT
   51             | ARGUMENTLIST T_COMMAR ARGUMENT

   52 ARGUMENT: EXPR

   53 DECLARATIONLIST: DECLARATION
   54                | DECLARATIONLIST DECLARATION

   55 DECLARATION: TYPE T_VARIABLE T_SEMICOLON
   56            | TYPE T_VARIABLE T_EQUAL EXPR T_SEMICOLON

   57 EXPR: TERM
   58     | EXPR T_PLUS TERM
   59     | EXPR T_MINUS TERM

   60 TERM: TERM T_TIMES FACTOR
   61     | TERM T_DIVIDE FACTOR
   62     | FACTOR

   63 FACTOR: T_NUMBER
   64       | T_VARIABLE
   65       | T_LBRACKET EXPR T_RBRACKET
   66       | T_QUOTE T_VARIABLE T_QUOTE
   67       | T_QUOTE T_NUMBER T_QUOTE
   68       | FUNCTIONCALL

   69 TYPE: T_NUMINT
   70     | T_CHAR

   71 COMPARE: COMPARETERM
   72        | COMPARE CON_OPANDOR COMPARETERM

   73 COMPARETERM: COMPARETERM COND_OP COMPARITORS
   74            | COMPARITORS

   75 COMPARITORS: EXPR COND_OP EXPR
   76            | T_LBRACKET COMPARE T_RBRACKET

   77 COND_OP: T_EQ_OP
   78        | T_NE_OP
   79        | T_GREATERTHAN
   80        | T_LESSTHAN
   81        | T_LE_OP
   82        | T_GE_OP

   83 CON_OPANDOR: T_AND_OP
   84            | T_OR_OP

   85 INCDEC: T_INC_OP
   86       | T_DEC_OP

   87 ASSIGNMENT_OP: T_EQUAL
   88              | T_MUL_ASSIGN
   89              | T_DIV_ASSIGN
   90              | T_MOD_ASSIGN
   91              | T_ADD_ASSIGN
   92              | T_SUB_ASSIGN
   93              | T_LEFT_ASSIGN
   94              | T_RIGHT_ASSIGN
   95              | T_AND_ASSIGN
   96              | T_XOR_ASSIGN
   97              | T_OR_ASSIGN


Terminals, with rules where they appear

$end (0) 0
error (256)
T_COMMAR (258) 18 51
T_NEWLINE (259)
T_RETURN (260) 28 31 32
T_MODULO (261)
T_GREATERTHAN (262) 79
T_LESSTHAN (263) 80
T_NOT (264)
T_WHILE (265) 43 44 45 46
T_ELSE (266) 38 39 40 41
T_FOR (267) 47
T_QUESTIONM (268)
T_COLON (269)
T_TIMES (270) 60
T_PLUS (271) 58
T_DIVIDE (272) 61
T_MINUS (273) 59
T_LBRACKET (274) 11 12 13 14 15 16 36 37 38 39 40 41 42 43 44 45 46
    47 48 49 65 76
T_RBRACKET (275) 11 12 13 14 15 16 36 37 38 39 40 41 42 43 44 45 46
    47 48 49 65 76
T_LOG (276)
T_EXP (277)
T_SQRT (278)
T_NUMBER (279) 63 67
T_VARIABLE (280) 11 12 13 14 15 16 19 27 29 30 31 32 48 49 55 56 64
    66
T_LCURLY (281) 11 12 13 14 36 37 38 39 40 41 42 43 45 46 47
T_RCURLY (282) 11 12 13 14 36 37 38 39 40 41 42 43 44 45 46 47
T_NUMINT (283) 69
T_SEMICOLON (284) 10 24 26 28 31 32 47 55 56
T_IF (285) 36 37 38 39 40 41 42
T_EQUAL (286) 56 87
T_MUL_ASSIGN (287) 88
T_DIV_ASSIGN (288) 89
T_MOD_ASSIGN (289) 90
T_ADD_ASSIGN (290) 91
T_SUB_ASSIGN (291) 92
T_LEFT_ASSIGN (292) 93
T_RIGHT_ASSIGN (293) 94
T_AND_ASSIGN (294) 95
T_XOR_ASSIGN (295) 96
T_OR_ASSIGN (296) 97
T_LE_OP (297) 81
T_GE_OP (298) 82
T_EQ_OP (299) 77
T_NE_OP (300) 78
T_RIGHT_OP (301)
T_LEFT_OP (302)
T_INC_OP (303) 85
T_DEC_OP (304) 86
T_PTR_OP (305)
T_AND_OP (306) 83
T_OR_OP (307) 84
T_CHAR (308) 70
T_QUOTE (309) 66 67


Nonterminals, with rules where they appear

$accept (55)
    on left: 0
ROOT (56)
    on left: 1, on right: 0
BASE (57)
    on left: 2 3 4 5, on right: 1
FUNCTIONLIST (58)
    on left: 6 7 8 9 10, on right: 2 3 8 9
FUNCTION (59)
    on left: 11 12 13 14 15 16, on right: 6 7 8 9 10
PARAMLIST (60)
    on left: 17 18, on right: 11 14 16 18
PARAM (61)
    on left: 19, on right: 17 18
ALLSTATE (62)
    on left: 20 21 22, on right: 3 11 12 36 38 39 40 42 43 44 45 47
STATEMENTLIST (63)
    on left: 23 24 25 26, on right: 20 21 25 26
STATEMENT (64)
    on left: 27 28 29 30 31 32 33 34 35, on right: 23 24 25 26 47
IFLOOP (65)
    on left: 36 37 38 39 40 41 42, on right: 33
WHILE (66)
    on left: 43 44 45 46, on right: 34
FORLOOP (67)
    on left: 47, on right: 35
FUNCTIONCALL (68)
    on left: 48 49, on right: 68
ARGUMENTLIST (69)
    on left: 50 51, on right: 48 51
ARGUMENT (70)
    on left: 52, on right: 50 51
DECLARATIONLIST (71)
    on left: 53 54, on right: 4 6 9 20 22 54
DECLARATION (72)
    on left: 55 56, on right: 47 53 54
EXPR (73)
    on left: 57 58 59, on right: 27 28 52 56 58 59 65 75
TERM (74)
    on left: 60 61 62, on right: 57 58 59 60 61
FACTOR (75)
    on left: 63 64 65 66 67 68, on right: 5 42 45 46 60 61 62
TYPE (76)
    on left: 69 70, on right: 11 12 13 14 15 16 19 55 56
COMPARE (77)
    on left: 71 72, on right: 36 37 38 39 40 41 43 44 47 72 76
COMPARETERM (78)
    on left: 73 74, on right: 71 72 73
COMPARITORS (79)
    on left: 75 76, on right: 73 74
COND_OP (80)
    on left: 77 78 79 80 81 82, on right: 73 75
CON_OPANDOR (81)
    on left: 83 84, on right: 72
INCDEC (82)
    on left: 85 86, on right: 29 30 31 32
ASSIGNMENT_OP (83)
    on left: 87 88 89 90 91 92 93 94 95 96 97, on right: 27


State 0

    0 $accept: . ROOT $end

    T_LBRACKET  shift, and go to state 1
    T_NUMBER    shift, and go to state 2
    T_VARIABLE  shift, and go to state 3
    T_NUMINT    shift, and go to state 4
    T_CHAR      shift, and go to state 5
    T_QUOTE     shift, and go to state 6

    ROOT             go to state 7
    BASE             go to state 8
    FUNCTIONLIST     go to state 9
    FUNCTION         go to state 10
    FUNCTIONCALL     go to state 11
    DECLARATIONLIST  go to state 12
    DECLARATION      go to state 13
    FACTOR           go to state 14
    TYPE             go to state 15


State 1

   65 FACTOR: T_LBRACKET . EXPR T_RBRACKET

    T_LBRACKET  shift, and go to state 1
    T_NUMBER    shift, and go to state 2
    T_VARIABLE  shift, and go to state 3
    T_QUOTE     shift, and go to state 6

    FUNCTIONCALL  go to state 11
    EXPR          go to state 16
    TERM          go to state 17
    FACTOR        go to state 18


State 2

   63 FACTOR: T_NUMBER .

    $default  reduce using rule 63 (FACTOR)


State 3

   48 FUNCTIONCALL: T_VARIABLE . T_LBRACKET ARGUMENTLIST T_RBRACKET
   49             | T_VARIABLE . T_LBRACKET T_RBRACKET
   64 FACTOR: T_VARIABLE .

    T_LBRACKET  shift, and go to state 19

    $default  reduce using rule 64 (FACTOR)


State 4

   69 TYPE: T_NUMINT .

    $default  reduce using rule 69 (TYPE)


State 5

   70 TYPE: T_CHAR .

    $default  reduce using rule 70 (TYPE)


State 6

   66 FACTOR: T_QUOTE . T_VARIABLE T_QUOTE
   67       | T_QUOTE . T_NUMBER T_QUOTE

    T_NUMBER    shift, and go to state 20
    T_VARIABLE  shift, and go to state 21


State 7

    0 $accept: ROOT . $end

    $end  shift, and go to state 22


State 8

    1 ROOT: BASE .

    $default  reduce using rule 1 (ROOT)


State 9

    2 BASE: FUNCTIONLIST .
    3     | FUNCTIONLIST . ALLSTATE
    8 FUNCTIONLIST: FUNCTIONLIST . FUNCTION
    9             | FUNCTIONLIST . DECLARATIONLIST FUNCTION

    T_RETURN    shift, and go to state 23
    T_WHILE     shift, and go to state 24
    T_FOR       shift, and go to state 25
    T_VARIABLE  shift, and go to state 26
    T_NUMINT    shift, and go to state 4
    T_IF        shift, and go to state 27
    T_INC_OP    shift, and go to state 28
    T_DEC_OP    shift, and go to state 29
    T_CHAR      shift, and go to state 5

    $default  reduce using rule 2 (BASE)

    FUNCTION         go to state 30
    ALLSTATE         go to state 31
    STATEMENTLIST    go to state 32
    STATEMENT        go to state 33
    IFLOOP           go to state 34
    WHILE            go to state 35
    FORLOOP          go to state 36
    DECLARATIONLIST  go to state 37
    DECLARATION      go to state 13
    TYPE             go to state 15
    INCDEC           go to state 38


State 10

    7 FUNCTIONLIST: FUNCTION .
   10             | FUNCTION . T_SEMICOLON

    T_SEMICOLON  shift, and go to state 39

    $default  reduce using rule 7 (FUNCTIONLIST)


State 11

   68 FACTOR: FUNCTIONCALL .

    $default  reduce using rule 68 (FACTOR)


State 12

    4 BASE: DECLARATIONLIST .
    6 FUNCTIONLIST: DECLARATIONLIST . FUNCTION
   54 DECLARATIONLIST: DECLARATIONLIST . DECLARATION

    T_NUMINT  shift, and go to state 4
    T_CHAR    shift, and go to state 5

    $default  reduce using rule 4 (BASE)

    FUNCTION     go to state 40
    DECLARATION  go to state 41
    TYPE         go to state 15


State 13

   53 DECLARATIONLIST: DECLARATION .

    $default  reduce using rule 53 (DECLARATIONLIST)


State 14

    5 BASE: FACTOR .

    $default  reduce using rule 5 (BASE)


State 15

   11 FUNCTION: TYPE . T_VARIABLE T_LBRACKET PARAMLIST T_RBRACKET T_LCURLY ALLSTATE T_RCURLY
   12         | TYPE . T_VARIABLE T_LBRACKET T_RBRACKET T_LCURLY ALLSTATE T_RCURLY
   13         | TYPE . T_VARIABLE T_LBRACKET T_RBRACKET T_LCURLY T_RCURLY
   14         | TYPE . T_VARIABLE T_LBRACKET PARAMLIST T_RBRACKET T_LCURLY T_RCURLY
   15         | TYPE . T_VARIABLE T_LBRACKET T_RBRACKET
   16         | TYPE . T_VARIABLE T_LBRACKET PARAMLIST T_RBRACKET
   55 DECLARATION: TYPE . T_VARIABLE T_SEMICOLON
   56            | TYPE . T_VARIABLE T_EQUAL EXPR T_SEMICOLON

    T_VARIABLE  shift, and go to state 42


State 16

   58 EXPR: EXPR . T_PLUS TERM
   59     | EXPR . T_MINUS TERM
   65 FACTOR: T_LBRACKET EXPR . T_RBRACKET

    T_PLUS      shift, and go to state 43
    T_MINUS     shift, and go to state 44
    T_RBRACKET  shift, and go to state 45


State 17

   57 EXPR: TERM .
   60 TERM: TERM . T_TIMES FACTOR
   61     | TERM . T_DIVIDE FACTOR

    T_TIMES   shift, and go to state 46
    T_DIVIDE  shift, and go to state 47

    $default  reduce using rule 57 (EXPR)


State 18

   62 TERM: FACTOR .

    $default  reduce using rule 62 (TERM)


State 19

   48 FUNCTIONCALL: T_VARIABLE T_LBRACKET . ARGUMENTLIST T_RBRACKET
   49             | T_VARIABLE T_LBRACKET . T_RBRACKET

    T_LBRACKET  shift, and go to state 1
    T_RBRACKET  shift, and go to state 48
    T_NUMBER    shift, and go to state 2
    T_VARIABLE  shift, and go to state 3
    T_QUOTE     shift, and go to state 6

    FUNCTIONCALL  go to state 11
    ARGUMENTLIST  go to state 49
    ARGUMENT      go to state 50
    EXPR          go to state 51
    TERM          go to state 17
    FACTOR        go to state 18


State 20

   67 FACTOR: T_QUOTE T_NUMBER . T_QUOTE

    T_QUOTE  shift, and go to state 52


State 21

   66 FACTOR: T_QUOTE T_VARIABLE . T_QUOTE

    T_QUOTE  shift, and go to state 53


State 22

    0 $accept: ROOT $end .

    $default  accept


State 23

   28 STATEMENT: T_RETURN . EXPR T_SEMICOLON
   31          | T_RETURN . T_VARIABLE INCDEC T_SEMICOLON
   32          | T_RETURN . INCDEC T_VARIABLE T_SEMICOLON

    T_LBRACKET  shift, and go to state 1
    T_NUMBER    shift, and go to state 2
    T_VARIABLE  shift, and go to state 54
    T_INC_OP    shift, and go to state 28
    T_DEC_OP    shift, and go to state 29
    T_QUOTE     shift, and go to state 6

    FUNCTIONCALL  go to state 11
    EXPR          go to state 55
    TERM          go to state 17
    FACTOR        go to state 18
    INCDEC        go to state 56


State 24

   43 WHILE: T_WHILE . T_LBRACKET COMPARE T_RBRACKET T_LCURLY ALLSTATE T_RCURLY
   44      | T_WHILE . T_LBRACKET COMPARE T_RBRACKET ALLSTATE T_RCURLY
   45      | T_WHILE . T_LBRACKET FACTOR T_RBRACKET T_LCURLY ALLSTATE T_RCURLY
   46      | T_WHILE . T_LBRACKET FACTOR T_RBRACKET T_LCURLY T_RCURLY

    T_LBRACKET  shift, and go to state 57


State 25

   47 FORLOOP: T_FOR . T_LBRACKET DECLARATION COMPARE T_SEMICOLON STATEMENT T_RBRACKET T_LCURLY ALLSTATE T_RCURLY

    T_LBRACKET  shift, and go to state 58


State 26

   27 STATEMENT: T_VARIABLE . ASSIGNMENT_OP EXPR
   30          | T_VARIABLE . INCDEC

    T_EQUAL         shift, and go to state 59
    T_MUL_ASSIGN    shift, and go to state 60
    T_DIV_ASSIGN    shift, and go to state 61
    T_MOD_ASSIGN    shift, and go to state 62
    T_ADD_ASSIGN    shift, and go to state 63
    T_SUB_ASSIGN    shift, and go to state 64
    T_LEFT_ASSIGN   shift, and go to state 65
    T_RIGHT_ASSIGN  shift, and go to state 66
    T_AND_ASSIGN    shift, and go to state 67
    T_XOR_ASSIGN    shift, and go to state 68
    T_OR_ASSIGN     shift, and go to state 69
    T_INC_OP        shift, and go to state 28
    T_DEC_OP        shift, and go to state 29

    INCDEC         go to state 70
    ASSIGNMENT_OP  go to state 71


State 27

   36 IFLOOP: T_IF . T_LBRACKET COMPARE T_RBRACKET T_LCURLY ALLSTATE T_RCURLY
   37       | T_IF . T_LBRACKET COMPARE T_RBRACKET T_LCURLY T_RCURLY
   38       | T_IF . T_LBRACKET COMPARE T_RBRACKET T_LCURLY ALLSTATE T_RCURLY T_ELSE T_LCURLY ALLSTATE T_RCURLY
   39       | T_IF . T_LBRACKET COMPARE T_RBRACKET T_LCURLY ALLSTATE T_RCURLY T_ELSE T_LCURLY T_RCURLY
   40       | T_IF . T_LBRACKET COMPARE T_RBRACKET T_LCURLY T_RCURLY T_ELSE T_LCURLY ALLSTATE T_RCURLY
   41       | T_IF . T_LBRACKET COMPARE T_RBRACKET T_LCURLY T_RCURLY T_ELSE T_LCURLY T_RCURLY
   42       | T_IF . T_LBRACKET FACTOR T_RBRACKET T_LCURLY ALLSTATE T_RCURLY

    T_LBRACKET  shift, and go to state 72


State 28

   85 INCDEC: T_INC_OP .

    $default  reduce using rule 85 (INCDEC)


State 29

   86 INCDEC: T_DEC_OP .

    $default  reduce using rule 86 (INCDEC)


State 30

    8 FUNCTIONLIST: FUNCTIONLIST FUNCTION .

    $default  reduce using rule 8 (FUNCTIONLIST)


State 31

    3 BASE: FUNCTIONLIST ALLSTATE .

    $default  reduce using rule 3 (BASE)


State 32

   21 ALLSTATE: STATEMENTLIST .
   25 STATEMENTLIST: STATEMENTLIST . STATEMENT
   26              | STATEMENTLIST . STATEMENT T_SEMICOLON

    T_RETURN    shift, and go to state 23
    T_WHILE     shift, and go to state 24
    T_FOR       shift, and go to state 25
    T_VARIABLE  shift, and go to state 26
    T_IF        shift, and go to state 27
    T_INC_OP    shift, and go to state 28
    T_DEC_OP    shift, and go to state 29

    $default  reduce using rule 21 (ALLSTATE)

    STATEMENT  go to state 73
    IFLOOP     go to state 34
    WHILE      go to state 35
    FORLOOP    go to state 36
    INCDEC     go to state 38


State 33

   23 STATEMENTLIST: STATEMENT .
   24              | STATEMENT . T_SEMICOLON

    T_SEMICOLON  shift, and go to state 74

    $default  reduce using rule 23 (STATEMENTLIST)


State 34

   33 STATEMENT: IFLOOP .

    $default  reduce using rule 33 (STATEMENT)


State 35

   34 STATEMENT: WHILE .

    $default  reduce using rule 34 (STATEMENT)


State 36

   35 STATEMENT: FORLOOP .

    $default  reduce using rule 35 (STATEMENT)


State 37

    9 FUNCTIONLIST: FUNCTIONLIST DECLARATIONLIST . FUNCTION
   20 ALLSTATE: DECLARATIONLIST . STATEMENTLIST
   22         | DECLARATIONLIST .
   54 DECLARATIONLIST: DECLARATIONLIST . DECLARATION

    T_RETURN    shift, and go to state 23
    T_WHILE     shift, and go to state 24
    T_FOR       shift, and go to state 25
    T_VARIABLE  shift, and go to state 26
    T_NUMINT    shift, and go to state 4
    T_IF        shift, and go to state 27
    T_INC_OP    shift, and go to state 28
    T_DEC_OP    shift, and go to state 29
    T_CHAR      shift, and go to state 5

    $default  reduce using rule 22 (ALLSTATE)

    FUNCTION       go to state 75
    STATEMENTLIST  go to state 76
    STATEMENT      go to state 33
    IFLOOP         go to state 34
    WHILE          go to state 35
    FORLOOP        go to state 36
    DECLARATION    go to state 41
    TYPE           go to state 15
    INCDEC         go to state 38


State 38

   29 STATEMENT: INCDEC . T_VARIABLE

    T_VARIABLE  shift, and go to state 77


State 39

   10 FUNCTIONLIST: FUNCTION T_SEMICOLON .

    $default  reduce using rule 10 (FUNCTIONLIST)


State 40

    6 FUNCTIONLIST: DECLARATIONLIST FUNCTION .

    $default  reduce using rule 6 (FUNCTIONLIST)


State 41

   54 DECLARATIONLIST: DECLARATIONLIST DECLARATION .

    $default  reduce using rule 54 (DECLARATIONLIST)


State 42

   11 FUNCTION: TYPE T_VARIABLE . T_LBRACKET PARAMLIST T_RBRACKET T_LCURLY ALLSTATE T_RCURLY
   12         | TYPE T_VARIABLE . T_LBRACKET T_RBRACKET T_LCURLY ALLSTATE T_RCURLY
   13         | TYPE T_VARIABLE . T_LBRACKET T_RBRACKET T_LCURLY T_RCURLY
   14         | TYPE T_VARIABLE . T_LBRACKET PARAMLIST T_RBRACKET T_LCURLY T_RCURLY
   15         | TYPE T_VARIABLE . T_LBRACKET T_RBRACKET
   16         | TYPE T_VARIABLE . T_LBRACKET PARAMLIST T_RBRACKET
   55 DECLARATION: TYPE T_VARIABLE . T_SEMICOLON
   56            | TYPE T_VARIABLE . T_EQUAL EXPR T_SEMICOLON

    T_LBRACKET   shift, and go to state 78
    T_SEMICOLON  shift, and go to state 79
    T_EQUAL      shift, and go to state 80


State 43

   58 EXPR: EXPR T_PLUS . TERM

    T_LBRACKET  shift, and go to state 1
    T_NUMBER    shift, and go to state 2
    T_VARIABLE  shift, and go to state 3
    T_QUOTE     shift, and go to state 6

    FUNCTIONCALL  go to state 11
    TERM          go to state 81
    FACTOR        go to state 18


State 44

   59 EXPR: EXPR T_MINUS . TERM

    T_LBRACKET  shift, and go to state 1
    T_NUMBER    shift, and go to state 2
    T_VARIABLE  shift, and go to state 3
    T_QUOTE     shift, and go to state 6

    FUNCTIONCALL  go to state 11
    TERM          go to state 82
    FACTOR        go to state 18


State 45

   65 FACTOR: T_LBRACKET EXPR T_RBRACKET .

    $default  reduce using rule 65 (FACTOR)


State 46

   60 TERM: TERM T_TIMES . FACTOR

    T_LBRACKET  shift, and go to state 1
    T_NUMBER    shift, and go to state 2
    T_VARIABLE  shift, and go to state 3
    T_QUOTE     shift, and go to state 6

    FUNCTIONCALL  go to state 11
    FACTOR        go to state 83


State 47

   61 TERM: TERM T_DIVIDE . FACTOR

    T_LBRACKET  shift, and go to state 1
    T_NUMBER    shift, and go to state 2
    T_VARIABLE  shift, and go to state 3
    T_QUOTE     shift, and go to state 6

    FUNCTIONCALL  go to state 11
    FACTOR        go to state 84


State 48

   49 FUNCTIONCALL: T_VARIABLE T_LBRACKET T_RBRACKET .

    $default  reduce using rule 49 (FUNCTIONCALL)


State 49

   48 FUNCTIONCALL: T_VARIABLE T_LBRACKET ARGUMENTLIST . T_RBRACKET
   51 ARGUMENTLIST: ARGUMENTLIST . T_COMMAR ARGUMENT

    T_COMMAR    shift, and go to state 85
    T_RBRACKET  shift, and go to state 86


State 50

   50 ARGUMENTLIST: ARGUMENT .

    $default  reduce using rule 50 (ARGUMENTLIST)


State 51

   52 ARGUMENT: EXPR .
   58 EXPR: EXPR . T_PLUS TERM
   59     | EXPR . T_MINUS TERM

    T_PLUS   shift, and go to state 43
    T_MINUS  shift, and go to state 44

    $default  reduce using rule 52 (ARGUMENT)


State 52

   67 FACTOR: T_QUOTE T_NUMBER T_QUOTE .

    $default  reduce using rule 67 (FACTOR)


State 53

   66 FACTOR: T_QUOTE T_VARIABLE T_QUOTE .

    $default  reduce using rule 66 (FACTOR)


State 54

   31 STATEMENT: T_RETURN T_VARIABLE . INCDEC T_SEMICOLON
   48 FUNCTIONCALL: T_VARIABLE . T_LBRACKET ARGUMENTLIST T_RBRACKET
   49             | T_VARIABLE . T_LBRACKET T_RBRACKET
   64 FACTOR: T_VARIABLE .

    T_LBRACKET  shift, and go to state 19
    T_INC_OP    shift, and go to state 28
    T_DEC_OP    shift, and go to state 29

    $default  reduce using rule 64 (FACTOR)

    INCDEC  go to state 87


State 55

   28 STATEMENT: T_RETURN EXPR . T_SEMICOLON
   58 EXPR: EXPR . T_PLUS TERM
   59     | EXPR . T_MINUS TERM

    T_PLUS       shift, and go to state 43
    T_MINUS      shift, and go to state 44
    T_SEMICOLON  shift, and go to state 88


State 56

   32 STATEMENT: T_RETURN INCDEC . T_VARIABLE T_SEMICOLON

    T_VARIABLE  shift, and go to state 89


State 57

   43 WHILE: T_WHILE T_LBRACKET . COMPARE T_RBRACKET T_LCURLY ALLSTATE T_RCURLY
   44      | T_WHILE T_LBRACKET . COMPARE T_RBRACKET ALLSTATE T_RCURLY
   45      | T_WHILE T_LBRACKET . FACTOR T_RBRACKET T_LCURLY ALLSTATE T_RCURLY
   46      | T_WHILE T_LBRACKET . FACTOR T_RBRACKET T_LCURLY T_RCURLY

    T_LBRACKET  shift, and go to state 90
    T_NUMBER    shift, and go to state 2
    T_VARIABLE  shift, and go to state 3
    T_QUOTE     shift, and go to state 6

    FUNCTIONCALL  go to state 11
    EXPR          go to state 91
    TERM          go to state 17
    FACTOR        go to state 92
    COMPARE       go to state 93
    COMPARETERM   go to state 94
    COMPARITORS   go to state 95


State 58

   47 FORLOOP: T_FOR T_LBRACKET . DECLARATION COMPARE T_SEMICOLON STATEMENT T_RBRACKET T_LCURLY ALLSTATE T_RCURLY

    T_NUMINT  shift, and go to state 4
    T_CHAR    shift, and go to state 5

    DECLARATION  go to state 96
    TYPE         go to state 97


State 59

   87 ASSIGNMENT_OP: T_EQUAL .

    $default  reduce using rule 87 (ASSIGNMENT_OP)


State 60

   88 ASSIGNMENT_OP: T_MUL_ASSIGN .

    $default  reduce using rule 88 (ASSIGNMENT_OP)


State 61

   89 ASSIGNMENT_OP: T_DIV_ASSIGN .

    $default  reduce using rule 89 (ASSIGNMENT_OP)


State 62

   90 ASSIGNMENT_OP: T_MOD_ASSIGN .

    $default  reduce using rule 90 (ASSIGNMENT_OP)


State 63

   91 ASSIGNMENT_OP: T_ADD_ASSIGN .

    $default  reduce using rule 91 (ASSIGNMENT_OP)


State 64

   92 ASSIGNMENT_OP: T_SUB_ASSIGN .

    $default  reduce using rule 92 (ASSIGNMENT_OP)


State 65

   93 ASSIGNMENT_OP: T_LEFT_ASSIGN .

    $default  reduce using rule 93 (ASSIGNMENT_OP)


State 66

   94 ASSIGNMENT_OP: T_RIGHT_ASSIGN .

    $default  reduce using rule 94 (ASSIGNMENT_OP)


State 67

   95 ASSIGNMENT_OP: T_AND_ASSIGN .

    $default  reduce using rule 95 (ASSIGNMENT_OP)


State 68

   96 ASSIGNMENT_OP: T_XOR_ASSIGN .

    $default  reduce using rule 96 (ASSIGNMENT_OP)


State 69

   97 ASSIGNMENT_OP: T_OR_ASSIGN .

    $default  reduce using rule 97 (ASSIGNMENT_OP)


State 70

   30 STATEMENT: T_VARIABLE INCDEC .

    $default  reduce using rule 30 (STATEMENT)


State 71

   27 STATEMENT: T_VARIABLE ASSIGNMENT_OP . EXPR

    T_LBRACKET  shift, and go to state 1
    T_NUMBER    shift, and go to state 2
    T_VARIABLE  shift, and go to state 3
    T_QUOTE     shift, and go to state 6

    FUNCTIONCALL  go to state 11
    EXPR          go to state 98
    TERM          go to state 17
    FACTOR        go to state 18


State 72

   36 IFLOOP: T_IF T_LBRACKET . COMPARE T_RBRACKET T_LCURLY ALLSTATE T_RCURLY
   37       | T_IF T_LBRACKET . COMPARE T_RBRACKET T_LCURLY T_RCURLY
   38       | T_IF T_LBRACKET . COMPARE T_RBRACKET T_LCURLY ALLSTATE T_RCURLY T_ELSE T_LCURLY ALLSTATE T_RCURLY
   39       | T_IF T_LBRACKET . COMPARE T_RBRACKET T_LCURLY ALLSTATE T_RCURLY T_ELSE T_LCURLY T_RCURLY
   40       | T_IF T_LBRACKET . COMPARE T_RBRACKET T_LCURLY T_RCURLY T_ELSE T_LCURLY ALLSTATE T_RCURLY
   41       | T_IF T_LBRACKET . COMPARE T_RBRACKET T_LCURLY T_RCURLY T_ELSE T_LCURLY T_RCURLY
   42       | T_IF T_LBRACKET . FACTOR T_RBRACKET T_LCURLY ALLSTATE T_RCURLY

    T_LBRACKET  shift, and go to state 90
    T_NUMBER    shift, and go to state 2
    T_VARIABLE  shift, and go to state 3
    T_QUOTE     shift, and go to state 6

    FUNCTIONCALL  go to state 11
    EXPR          go to state 91
    TERM          go to state 17
    FACTOR        go to state 99
    COMPARE       go to state 100
    COMPARETERM   go to state 94
    COMPARITORS   go to state 95


State 73

   25 STATEMENTLIST: STATEMENTLIST STATEMENT .
   26              | STATEMENTLIST STATEMENT . T_SEMICOLON

    T_SEMICOLON  shift, and go to state 101

    $default  reduce using rule 25 (STATEMENTLIST)


State 74

   24 STATEMENTLIST: STATEMENT T_SEMICOLON .

    $default  reduce using rule 24 (STATEMENTLIST)


State 75

    9 FUNCTIONLIST: FUNCTIONLIST DECLARATIONLIST FUNCTION .

    $default  reduce using rule 9 (FUNCTIONLIST)


State 76

   20 ALLSTATE: DECLARATIONLIST STATEMENTLIST .
   25 STATEMENTLIST: STATEMENTLIST . STATEMENT
   26              | STATEMENTLIST . STATEMENT T_SEMICOLON

    T_RETURN    shift, and go to state 23
    T_WHILE     shift, and go to state 24
    T_FOR       shift, and go to state 25
    T_VARIABLE  shift, and go to state 26
    T_IF        shift, and go to state 27
    T_INC_OP    shift, and go to state 28
    T_DEC_OP    shift, and go to state 29

    $default  reduce using rule 20 (ALLSTATE)

    STATEMENT  go to state 73
    IFLOOP     go to state 34
    WHILE      go to state 35
    FORLOOP    go to state 36
    INCDEC     go to state 38


State 77

   29 STATEMENT: INCDEC T_VARIABLE .

    $default  reduce using rule 29 (STATEMENT)


State 78

   11 FUNCTION: TYPE T_VARIABLE T_LBRACKET . PARAMLIST T_RBRACKET T_LCURLY ALLSTATE T_RCURLY
   12         | TYPE T_VARIABLE T_LBRACKET . T_RBRACKET T_LCURLY ALLSTATE T_RCURLY
   13         | TYPE T_VARIABLE T_LBRACKET . T_RBRACKET T_LCURLY T_RCURLY
   14         | TYPE T_VARIABLE T_LBRACKET . PARAMLIST T_RBRACKET T_LCURLY T_RCURLY
   15         | TYPE T_VARIABLE T_LBRACKET . T_RBRACKET
   16         | TYPE T_VARIABLE T_LBRACKET . PARAMLIST T_RBRACKET

    T_RBRACKET  shift, and go to state 102
    T_NUMINT    shift, and go to state 4
    T_CHAR      shift, and go to state 5

    PARAMLIST  go to state 103
    PARAM      go to state 104
    TYPE       go to state 105


State 79

   55 DECLARATION: TYPE T_VARIABLE T_SEMICOLON .

    $default  reduce using rule 55 (DECLARATION)


State 80

   56 DECLARATION: TYPE T_VARIABLE T_EQUAL . EXPR T_SEMICOLON

    T_LBRACKET  shift, and go to state 1
    T_NUMBER    shift, and go to state 2
    T_VARIABLE  shift, and go to state 3
    T_QUOTE     shift, and go to state 6

    FUNCTIONCALL  go to state 11
    EXPR          go to state 106
    TERM          go to state 17
    FACTOR        go to state 18


State 81

   58 EXPR: EXPR T_PLUS TERM .
   60 TERM: TERM . T_TIMES FACTOR
   61     | TERM . T_DIVIDE FACTOR

    T_TIMES   shift, and go to state 46
    T_DIVIDE  shift, and go to state 47

    $default  reduce using rule 58 (EXPR)


State 82

   59 EXPR: EXPR T_MINUS TERM .
   60 TERM: TERM . T_TIMES FACTOR
   61     | TERM . T_DIVIDE FACTOR

    T_TIMES   shift, and go to state 46
    T_DIVIDE  shift, and go to state 47

    $default  reduce using rule 59 (EXPR)


State 83

   60 TERM: TERM T_TIMES FACTOR .

    $default  reduce using rule 60 (TERM)


State 84

   61 TERM: TERM T_DIVIDE FACTOR .

    $default  reduce using rule 61 (TERM)


State 85

   51 ARGUMENTLIST: ARGUMENTLIST T_COMMAR . ARGUMENT

    T_LBRACKET  shift, and go to state 1
    T_NUMBER    shift, and go to state 2
    T_VARIABLE  shift, and go to state 3
    T_QUOTE     shift, and go to state 6

    FUNCTIONCALL  go to state 11
    ARGUMENT      go to state 107
    EXPR          go to state 51
    TERM          go to state 17
    FACTOR        go to state 18


State 86

   48 FUNCTIONCALL: T_VARIABLE T_LBRACKET ARGUMENTLIST T_RBRACKET .

    $default  reduce using rule 48 (FUNCTIONCALL)


State 87

   31 STATEMENT: T_RETURN T_VARIABLE INCDEC . T_SEMICOLON

    T_SEMICOLON  shift, and go to state 108


State 88

   28 STATEMENT: T_RETURN EXPR T_SEMICOLON .

    $default  reduce using rule 28 (STATEMENT)


State 89

   32 STATEMENT: T_RETURN INCDEC T_VARIABLE . T_SEMICOLON

    T_SEMICOLON  shift, and go to state 109


State 90

   65 FACTOR: T_LBRACKET . EXPR T_RBRACKET
   76 COMPARITORS: T_LBRACKET . COMPARE T_RBRACKET

    T_LBRACKET  shift, and go to state 90
    T_NUMBER    shift, and go to state 2
    T_VARIABLE  shift, and go to state 3
    T_QUOTE     shift, and go to state 6

    FUNCTIONCALL  go to state 11
    EXPR          go to state 110
    TERM          go to state 17
    FACTOR        go to state 18
    COMPARE       go to state 111
    COMPARETERM   go to state 94
    COMPARITORS   go to state 95


State 91

   58 EXPR: EXPR . T_PLUS TERM
   59     | EXPR . T_MINUS TERM
   75 COMPARITORS: EXPR . COND_OP EXPR

    T_GREATERTHAN  shift, and go to state 112
    T_LESSTHAN     shift, and go to state 113
    T_PLUS         shift, and go to state 43
    T_MINUS        shift, and go to state 44
    T_LE_OP        shift, and go to state 114
    T_GE_OP        shift, and go to state 115
    T_EQ_OP        shift, and go to state 116
    T_NE_OP        shift, and go to state 117

    COND_OP  go to state 118


State 92

   45 WHILE: T_WHILE T_LBRACKET FACTOR . T_RBRACKET T_LCURLY ALLSTATE T_RCURLY
   46      | T_WHILE T_LBRACKET FACTOR . T_RBRACKET T_LCURLY T_RCURLY
   62 TERM: FACTOR .

    T_RBRACKET  shift, and go to state 119

    $default  reduce using rule 62 (TERM)


State 93

   43 WHILE: T_WHILE T_LBRACKET COMPARE . T_RBRACKET T_LCURLY ALLSTATE T_RCURLY
   44      | T_WHILE T_LBRACKET COMPARE . T_RBRACKET ALLSTATE T_RCURLY
   72 COMPARE: COMPARE . CON_OPANDOR COMPARETERM

    T_RBRACKET  shift, and go to state 120
    T_AND_OP    shift, and go to state 121
    T_OR_OP     shift, and go to state 122

    CON_OPANDOR  go to state 123


State 94

   71 COMPARE: COMPARETERM .
   73 COMPARETERM: COMPARETERM . COND_OP COMPARITORS

    T_GREATERTHAN  shift, and go to state 112
    T_LESSTHAN     shift, and go to state 113
    T_LE_OP        shift, and go to state 114
    T_GE_OP        shift, and go to state 115
    T_EQ_OP        shift, and go to state 116
    T_NE_OP        shift, and go to state 117

    $default  reduce using rule 71 (COMPARE)

    COND_OP  go to state 124


State 95

   74 COMPARETERM: COMPARITORS .

    $default  reduce using rule 74 (COMPARETERM)


State 96

   47 FORLOOP: T_FOR T_LBRACKET DECLARATION . COMPARE T_SEMICOLON STATEMENT T_RBRACKET T_LCURLY ALLSTATE T_RCURLY

    T_LBRACKET  shift, and go to state 90
    T_NUMBER    shift, and go to state 2
    T_VARIABLE  shift, and go to state 3
    T_QUOTE     shift, and go to state 6

    FUNCTIONCALL  go to state 11
    EXPR          go to state 91
    TERM          go to state 17
    FACTOR        go to state 18
    COMPARE       go to state 125
    COMPARETERM   go to state 94
    COMPARITORS   go to state 95


State 97

   55 DECLARATION: TYPE . T_VARIABLE T_SEMICOLON
   56            | TYPE . T_VARIABLE T_EQUAL EXPR T_SEMICOLON

    T_VARIABLE  shift, and go to state 126


State 98

   27 STATEMENT: T_VARIABLE ASSIGNMENT_OP EXPR .
   58 EXPR: EXPR . T_PLUS TERM
   59     | EXPR . T_MINUS TERM

    T_PLUS   shift, and go to state 43
    T_MINUS  shift, and go to state 44

    $default  reduce using rule 27 (STATEMENT)


State 99

   42 IFLOOP: T_IF T_LBRACKET FACTOR . T_RBRACKET T_LCURLY ALLSTATE T_RCURLY
   62 TERM: FACTOR .

    T_RBRACKET  shift, and go to state 127

    $default  reduce using rule 62 (TERM)


State 100

   36 IFLOOP: T_IF T_LBRACKET COMPARE . T_RBRACKET T_LCURLY ALLSTATE T_RCURLY
   37       | T_IF T_LBRACKET COMPARE . T_RBRACKET T_LCURLY T_RCURLY
   38       | T_IF T_LBRACKET COMPARE . T_RBRACKET T_LCURLY ALLSTATE T_RCURLY T_ELSE T_LCURLY ALLSTATE T_RCURLY
   39       | T_IF T_LBRACKET COMPARE . T_RBRACKET T_LCURLY ALLSTATE T_RCURLY T_ELSE T_LCURLY T_RCURLY
   40       | T_IF T_LBRACKET COMPARE . T_RBRACKET T_LCURLY T_RCURLY T_ELSE T_LCURLY ALLSTATE T_RCURLY
   41       | T_IF T_LBRACKET COMPARE . T_RBRACKET T_LCURLY T_RCURLY T_ELSE T_LCURLY T_RCURLY
   72 COMPARE: COMPARE . CON_OPANDOR COMPARETERM

    T_RBRACKET  shift, and go to state 128
    T_AND_OP    shift, and go to state 121
    T_OR_OP     shift, and go to state 122

    CON_OPANDOR  go to state 123


State 101

   26 STATEMENTLIST: STATEMENTLIST STATEMENT T_SEMICOLON .

    $default  reduce using rule 26 (STATEMENTLIST)


State 102

   12 FUNCTION: TYPE T_VARIABLE T_LBRACKET T_RBRACKET . T_LCURLY ALLSTATE T_RCURLY
   13         | TYPE T_VARIABLE T_LBRACKET T_RBRACKET . T_LCURLY T_RCURLY
   15         | TYPE T_VARIABLE T_LBRACKET T_RBRACKET .

    T_LCURLY  shift, and go to state 129

    $default  reduce using rule 15 (FUNCTION)


State 103

   11 FUNCTION: TYPE T_VARIABLE T_LBRACKET PARAMLIST . T_RBRACKET T_LCURLY ALLSTATE T_RCURLY
   14         | TYPE T_VARIABLE T_LBRACKET PARAMLIST . T_RBRACKET T_LCURLY T_RCURLY
   16         | TYPE T_VARIABLE T_LBRACKET PARAMLIST . T_RBRACKET
   18 PARAMLIST: PARAMLIST . T_COMMAR PARAM

    T_COMMAR    shift, and go to state 130
    T_RBRACKET  shift, and go to state 131


State 104

   17 PARAMLIST: PARAM .

    $default  reduce using rule 17 (PARAMLIST)


State 105

   19 PARAM: TYPE . T_VARIABLE

    T_VARIABLE  shift, and go to state 132


State 106

   56 DECLARATION: TYPE T_VARIABLE T_EQUAL EXPR . T_SEMICOLON
   58 EXPR: EXPR . T_PLUS TERM
   59     | EXPR . T_MINUS TERM

    T_PLUS       shift, and go to state 43
    T_MINUS      shift, and go to state 44
    T_SEMICOLON  shift, and go to state 133


State 107

   51 ARGUMENTLIST: ARGUMENTLIST T_COMMAR ARGUMENT .

    $default  reduce using rule 51 (ARGUMENTLIST)


State 108

   31 STATEMENT: T_RETURN T_VARIABLE INCDEC T_SEMICOLON .

    $default  reduce using rule 31 (STATEMENT)


State 109

   32 STATEMENT: T_RETURN INCDEC T_VARIABLE T_SEMICOLON .

    $default  reduce using rule 32 (STATEMENT)


State 110

   58 EXPR: EXPR . T_PLUS TERM
   59     | EXPR . T_MINUS TERM
   65 FACTOR: T_LBRACKET EXPR . T_RBRACKET
   75 COMPARITORS: EXPR . COND_OP EXPR

    T_GREATERTHAN  shift, and go to state 112
    T_LESSTHAN     shift, and go to state 113
    T_PLUS         shift, and go to state 43
    T_MINUS        shift, and go to state 44
    T_RBRACKET     shift, and go to state 45
    T_LE_OP        shift, and go to state 114
    T_GE_OP        shift, and go to state 115
    T_EQ_OP        shift, and go to state 116
    T_NE_OP        shift, and go to state 117

    COND_OP  go to state 118


State 111

   72 COMPARE: COMPARE . CON_OPANDOR COMPARETERM
   76 COMPARITORS: T_LBRACKET COMPARE . T_RBRACKET

    T_RBRACKET  shift, and go to state 134
    T_AND_OP    shift, and go to state 121
    T_OR_OP     shift, and go to state 122

    CON_OPANDOR  go to state 123


State 112

   79 COND_OP: T_GREATERTHAN .

    $default  reduce using rule 79 (COND_OP)


State 113

   80 COND_OP: T_LESSTHAN .

    $default  reduce using rule 80 (COND_OP)


State 114

   81 COND_OP: T_LE_OP .

    $default  reduce using rule 81 (COND_OP)


State 115

   82 COND_OP: T_GE_OP .

    $default  reduce using rule 82 (COND_OP)


State 116

   77 COND_OP: T_EQ_OP .

    $default  reduce using rule 77 (COND_OP)


State 117

   78 COND_OP: T_NE_OP .

    $default  reduce using rule 78 (COND_OP)


State 118

   75 COMPARITORS: EXPR COND_OP . EXPR

    T_LBRACKET  shift, and go to state 1
    T_NUMBER    shift, and go to state 2
    T_VARIABLE  shift, and go to state 3
    T_QUOTE     shift, and go to state 6

    FUNCTIONCALL  go to state 11
    EXPR          go to state 135
    TERM          go to state 17
    FACTOR        go to state 18


State 119

   45 WHILE: T_WHILE T_LBRACKET FACTOR T_RBRACKET . T_LCURLY ALLSTATE T_RCURLY
   46      | T_WHILE T_LBRACKET FACTOR T_RBRACKET . T_LCURLY T_RCURLY

    T_LCURLY  shift, and go to state 136


State 120

   43 WHILE: T_WHILE T_LBRACKET COMPARE T_RBRACKET . T_LCURLY ALLSTATE T_RCURLY
   44      | T_WHILE T_LBRACKET COMPARE T_RBRACKET . ALLSTATE T_RCURLY

    T_RETURN    shift, and go to state 23
    T_WHILE     shift, and go to state 24
    T_FOR       shift, and go to state 25
    T_VARIABLE  shift, and go to state 26
    T_LCURLY    shift, and go to state 137
    T_NUMINT    shift, and go to state 4
    T_IF        shift, and go to state 27
    T_INC_OP    shift, and go to state 28
    T_DEC_OP    shift, and go to state 29
    T_CHAR      shift, and go to state 5

    ALLSTATE         go to state 138
    STATEMENTLIST    go to state 32
    STATEMENT        go to state 33
    IFLOOP           go to state 34
    WHILE            go to state 35
    FORLOOP          go to state 36
    DECLARATIONLIST  go to state 139
    DECLARATION      go to state 13
    TYPE             go to state 97
    INCDEC           go to state 38


State 121

   83 CON_OPANDOR: T_AND_OP .

    $default  reduce using rule 83 (CON_OPANDOR)


State 122

   84 CON_OPANDOR: T_OR_OP .

    $default  reduce using rule 84 (CON_OPANDOR)


State 123

   72 COMPARE: COMPARE CON_OPANDOR . COMPARETERM

    T_LBRACKET  shift, and go to state 90
    T_NUMBER    shift, and go to state 2
    T_VARIABLE  shift, and go to state 3
    T_QUOTE     shift, and go to state 6

    FUNCTIONCALL  go to state 11
    EXPR          go to state 91
    TERM          go to state 17
    FACTOR        go to state 18
    COMPARETERM   go to state 140
    COMPARITORS   go to state 95


State 124

   73 COMPARETERM: COMPARETERM COND_OP . COMPARITORS

    T_LBRACKET  shift, and go to state 90
    T_NUMBER    shift, and go to state 2
    T_VARIABLE  shift, and go to state 3
    T_QUOTE     shift, and go to state 6

    FUNCTIONCALL  go to state 11
    EXPR          go to state 91
    TERM          go to state 17
    FACTOR        go to state 18
    COMPARITORS   go to state 141


State 125

   47 FORLOOP: T_FOR T_LBRACKET DECLARATION COMPARE . T_SEMICOLON STATEMENT T_RBRACKET T_LCURLY ALLSTATE T_RCURLY
   72 COMPARE: COMPARE . CON_OPANDOR COMPARETERM

    T_SEMICOLON  shift, and go to state 142
    T_AND_OP     shift, and go to state 121
    T_OR_OP      shift, and go to state 122

    CON_OPANDOR  go to state 123


State 126

   55 DECLARATION: TYPE T_VARIABLE . T_SEMICOLON
   56            | TYPE T_VARIABLE . T_EQUAL EXPR T_SEMICOLON

    T_SEMICOLON  shift, and go to state 79
    T_EQUAL      shift, and go to state 80


State 127

   42 IFLOOP: T_IF T_LBRACKET FACTOR T_RBRACKET . T_LCURLY ALLSTATE T_RCURLY

    T_LCURLY  shift, and go to state 143


State 128

   36 IFLOOP: T_IF T_LBRACKET COMPARE T_RBRACKET . T_LCURLY ALLSTATE T_RCURLY
   37       | T_IF T_LBRACKET COMPARE T_RBRACKET . T_LCURLY T_RCURLY
   38       | T_IF T_LBRACKET COMPARE T_RBRACKET . T_LCURLY ALLSTATE T_RCURLY T_ELSE T_LCURLY ALLSTATE T_RCURLY
   39       | T_IF T_LBRACKET COMPARE T_RBRACKET . T_LCURLY ALLSTATE T_RCURLY T_ELSE T_LCURLY T_RCURLY
   40       | T_IF T_LBRACKET COMPARE T_RBRACKET . T_LCURLY T_RCURLY T_ELSE T_LCURLY ALLSTATE T_RCURLY
   41       | T_IF T_LBRACKET COMPARE T_RBRACKET . T_LCURLY T_RCURLY T_ELSE T_LCURLY T_RCURLY

    T_LCURLY  shift, and go to state 144


State 129

   12 FUNCTION: TYPE T_VARIABLE T_LBRACKET T_RBRACKET T_LCURLY . ALLSTATE T_RCURLY
   13         | TYPE T_VARIABLE T_LBRACKET T_RBRACKET T_LCURLY . T_RCURLY

    T_RETURN    shift, and go to state 23
    T_WHILE     shift, and go to state 24
    T_FOR       shift, and go to state 25
    T_VARIABLE  shift, and go to state 26
    T_RCURLY    shift, and go to state 145
    T_NUMINT    shift, and go to state 4
    T_IF        shift, and go to state 27
    T_INC_OP    shift, and go to state 28
    T_DEC_OP    shift, and go to state 29
    T_CHAR      shift, and go to state 5

    ALLSTATE         go to state 146
    STATEMENTLIST    go to state 32
    STATEMENT        go to state 33
    IFLOOP           go to state 34
    WHILE            go to state 35
    FORLOOP          go to state 36
    DECLARATIONLIST  go to state 139
    DECLARATION      go to state 13
    TYPE             go to state 97
    INCDEC           go to state 38


State 130

   18 PARAMLIST: PARAMLIST T_COMMAR . PARAM

    T_NUMINT  shift, and go to state 4
    T_CHAR    shift, and go to state 5

    PARAM  go to state 147
    TYPE   go to state 105


State 131

   11 FUNCTION: TYPE T_VARIABLE T_LBRACKET PARAMLIST T_RBRACKET . T_LCURLY ALLSTATE T_RCURLY
   14         | TYPE T_VARIABLE T_LBRACKET PARAMLIST T_RBRACKET . T_LCURLY T_RCURLY
   16         | TYPE T_VARIABLE T_LBRACKET PARAMLIST T_RBRACKET .

    T_LCURLY  shift, and go to state 148

    $default  reduce using rule 16 (FUNCTION)


State 132

   19 PARAM: TYPE T_VARIABLE .

    $default  reduce using rule 19 (PARAM)


State 133

   56 DECLARATION: TYPE T_VARIABLE T_EQUAL EXPR T_SEMICOLON .

    $default  reduce using rule 56 (DECLARATION)


State 134

   76 COMPARITORS: T_LBRACKET COMPARE T_RBRACKET .

    $default  reduce using rule 76 (COMPARITORS)


State 135

   58 EXPR: EXPR . T_PLUS TERM
   59     | EXPR . T_MINUS TERM
   75 COMPARITORS: EXPR COND_OP EXPR .

    T_PLUS   shift, and go to state 43
    T_MINUS  shift, and go to state 44

    $default  reduce using rule 75 (COMPARITORS)


State 136

   45 WHILE: T_WHILE T_LBRACKET FACTOR T_RBRACKET T_LCURLY . ALLSTATE T_RCURLY
   46      | T_WHILE T_LBRACKET FACTOR T_RBRACKET T_LCURLY . T_RCURLY

    T_RETURN    shift, and go to state 23
    T_WHILE     shift, and go to state 24
    T_FOR       shift, and go to state 25
    T_VARIABLE  shift, and go to state 26
    T_RCURLY    shift, and go to state 149
    T_NUMINT    shift, and go to state 4
    T_IF        shift, and go to state 27
    T_INC_OP    shift, and go to state 28
    T_DEC_OP    shift, and go to state 29
    T_CHAR      shift, and go to state 5

    ALLSTATE         go to state 150
    STATEMENTLIST    go to state 32
    STATEMENT        go to state 33
    IFLOOP           go to state 34
    WHILE            go to state 35
    FORLOOP          go to state 36
    DECLARATIONLIST  go to state 139
    DECLARATION      go to state 13
    TYPE             go to state 97
    INCDEC           go to state 38


State 137

   43 WHILE: T_WHILE T_LBRACKET COMPARE T_RBRACKET T_LCURLY . ALLSTATE T_RCURLY

    T_RETURN    shift, and go to state 23
    T_WHILE     shift, and go to state 24
    T_FOR       shift, and go to state 25
    T_VARIABLE  shift, and go to state 26
    T_NUMINT    shift, and go to state 4
    T_IF        shift, and go to state 27
    T_INC_OP    shift, and go to state 28
    T_DEC_OP    shift, and go to state 29
    T_CHAR      shift, and go to state 5

    ALLSTATE         go to state 151
    STATEMENTLIST    go to state 32
    STATEMENT        go to state 33
    IFLOOP           go to state 34
    WHILE            go to state 35
    FORLOOP          go to state 36
    DECLARATIONLIST  go to state 139
    DECLARATION      go to state 13
    TYPE             go to state 97
    INCDEC           go to state 38


State 138

   44 WHILE: T_WHILE T_LBRACKET COMPARE T_RBRACKET ALLSTATE . T_RCURLY

    T_RCURLY  shift, and go to state 152


State 139

   20 ALLSTATE: DECLARATIONLIST . STATEMENTLIST
   22         | DECLARATIONLIST .
   54 DECLARATIONLIST: DECLARATIONLIST . DECLARATION

    T_RETURN    shift, and go to state 23
    T_WHILE     shift, and go to state 24
    T_FOR       shift, and go to state 25
    T_VARIABLE  shift, and go to state 26
    T_NUMINT    shift, and go to state 4
    T_IF        shift, and go to state 27
    T_INC_OP    shift, and go to state 28
    T_DEC_OP    shift, and go to state 29
    T_CHAR      shift, and go to state 5

    $default  reduce using rule 22 (ALLSTATE)

    STATEMENTLIST  go to state 76
    STATEMENT      go to state 33
    IFLOOP         go to state 34
    WHILE          go to state 35
    FORLOOP        go to state 36
    DECLARATION    go to state 41
    TYPE           go to state 97
    INCDEC         go to state 38


State 140

   72 COMPARE: COMPARE CON_OPANDOR COMPARETERM .
   73 COMPARETERM: COMPARETERM . COND_OP COMPARITORS

    T_GREATERTHAN  shift, and go to state 112
    T_LESSTHAN     shift, and go to state 113
    T_LE_OP        shift, and go to state 114
    T_GE_OP        shift, and go to state 115
    T_EQ_OP        shift, and go to state 116
    T_NE_OP        shift, and go to state 117

    $default  reduce using rule 72 (COMPARE)

    COND_OP  go to state 124


State 141

   73 COMPARETERM: COMPARETERM COND_OP COMPARITORS .

    $default  reduce using rule 73 (COMPARETERM)


State 142

   47 FORLOOP: T_FOR T_LBRACKET DECLARATION COMPARE T_SEMICOLON . STATEMENT T_RBRACKET T_LCURLY ALLSTATE T_RCURLY

    T_RETURN    shift, and go to state 23
    T_WHILE     shift, and go to state 24
    T_FOR       shift, and go to state 25
    T_VARIABLE  shift, and go to state 26
    T_IF        shift, and go to state 27
    T_INC_OP    shift, and go to state 28
    T_DEC_OP    shift, and go to state 29

    STATEMENT  go to state 153
    IFLOOP     go to state 34
    WHILE      go to state 35
    FORLOOP    go to state 36
    INCDEC     go to state 38


State 143

   42 IFLOOP: T_IF T_LBRACKET FACTOR T_RBRACKET T_LCURLY . ALLSTATE T_RCURLY

    T_RETURN    shift, and go to state 23
    T_WHILE     shift, and go to state 24
    T_FOR       shift, and go to state 25
    T_VARIABLE  shift, and go to state 26
    T_NUMINT    shift, and go to state 4
    T_IF        shift, and go to state 27
    T_INC_OP    shift, and go to state 28
    T_DEC_OP    shift, and go to state 29
    T_CHAR      shift, and go to state 5

    ALLSTATE         go to state 154
    STATEMENTLIST    go to state 32
    STATEMENT        go to state 33
    IFLOOP           go to state 34
    WHILE            go to state 35
    FORLOOP          go to state 36
    DECLARATIONLIST  go to state 139
    DECLARATION      go to state 13
    TYPE             go to state 97
    INCDEC           go to state 38


State 144

   36 IFLOOP: T_IF T_LBRACKET COMPARE T_RBRACKET T_LCURLY . ALLSTATE T_RCURLY
   37       | T_IF T_LBRACKET COMPARE T_RBRACKET T_LCURLY . T_RCURLY
   38       | T_IF T_LBRACKET COMPARE T_RBRACKET T_LCURLY . ALLSTATE T_RCURLY T_ELSE T_LCURLY ALLSTATE T_RCURLY
   39       | T_IF T_LBRACKET COMPARE T_RBRACKET T_LCURLY . ALLSTATE T_RCURLY T_ELSE T_LCURLY T_RCURLY
   40       | T_IF T_LBRACKET COMPARE T_RBRACKET T_LCURLY . T_RCURLY T_ELSE T_LCURLY ALLSTATE T_RCURLY
   41       | T_IF T_LBRACKET COMPARE T_RBRACKET T_LCURLY . T_RCURLY T_ELSE T_LCURLY T_RCURLY

    T_RETURN    shift, and go to state 23
    T_WHILE     shift, and go to state 24
    T_FOR       shift, and go to state 25
    T_VARIABLE  shift, and go to state 26
    T_RCURLY    shift, and go to state 155
    T_NUMINT    shift, and go to state 4
    T_IF        shift, and go to state 27
    T_INC_OP    shift, and go to state 28
    T_DEC_OP    shift, and go to state 29
    T_CHAR      shift, and go to state 5

    ALLSTATE         go to state 156
    STATEMENTLIST    go to state 32
    STATEMENT        go to state 33
    IFLOOP           go to state 34
    WHILE            go to state 35
    FORLOOP          go to state 36
    DECLARATIONLIST  go to state 139
    DECLARATION      go to state 13
    TYPE             go to state 97
    INCDEC           go to state 38


State 145

   13 FUNCTION: TYPE T_VARIABLE T_LBRACKET T_RBRACKET T_LCURLY T_RCURLY .

    $default  reduce using rule 13 (FUNCTION)


State 146

   12 FUNCTION: TYPE T_VARIABLE T_LBRACKET T_RBRACKET T_LCURLY ALLSTATE . T_RCURLY

    T_RCURLY  shift, and go to state 157


State 147

   18 PARAMLIST: PARAMLIST T_COMMAR PARAM .

    $default  reduce using rule 18 (PARAMLIST)


State 148

   11 FUNCTION: TYPE T_VARIABLE T_LBRACKET PARAMLIST T_RBRACKET T_LCURLY . ALLSTATE T_RCURLY
   14         | TYPE T_VARIABLE T_LBRACKET PARAMLIST T_RBRACKET T_LCURLY . T_RCURLY

    T_RETURN    shift, and go to state 23
    T_WHILE     shift, and go to state 24
    T_FOR       shift, and go to state 25
    T_VARIABLE  shift, and go to state 26
    T_RCURLY    shift, and go to state 158
    T_NUMINT    shift, and go to state 4
    T_IF        shift, and go to state 27
    T_INC_OP    shift, and go to state 28
    T_DEC_OP    shift, and go to state 29
    T_CHAR      shift, and go to state 5

    ALLSTATE         go to state 159
    STATEMENTLIST    go to state 32
    STATEMENT        go to state 33
    IFLOOP           go to state 34
    WHILE            go to state 35
    FORLOOP          go to state 36
    DECLARATIONLIST  go to state 139
    DECLARATION      go to state 13
    TYPE             go to state 97
    INCDEC           go to state 38


State 149

   46 WHILE: T_WHILE T_LBRACKET FACTOR T_RBRACKET T_LCURLY T_RCURLY .

    $default  reduce using rule 46 (WHILE)


State 150

   45 WHILE: T_WHILE T_LBRACKET FACTOR T_RBRACKET T_LCURLY ALLSTATE . T_RCURLY

    T_RCURLY  shift, and go to state 160


State 151

   43 WHILE: T_WHILE T_LBRACKET COMPARE T_RBRACKET T_LCURLY ALLSTATE . T_RCURLY

    T_RCURLY  shift, and go to state 161


State 152

   44 WHILE: T_WHILE T_LBRACKET COMPARE T_RBRACKET ALLSTATE T_RCURLY .

    $default  reduce using rule 44 (WHILE)


State 153

   47 FORLOOP: T_FOR T_LBRACKET DECLARATION COMPARE T_SEMICOLON STATEMENT . T_RBRACKET T_LCURLY ALLSTATE T_RCURLY

    T_RBRACKET  shift, and go to state 162


State 154

   42 IFLOOP: T_IF T_LBRACKET FACTOR T_RBRACKET T_LCURLY ALLSTATE . T_RCURLY

    T_RCURLY  shift, and go to state 163


State 155

   37 IFLOOP: T_IF T_LBRACKET COMPARE T_RBRACKET T_LCURLY T_RCURLY .
   40       | T_IF T_LBRACKET COMPARE T_RBRACKET T_LCURLY T_RCURLY . T_ELSE T_LCURLY ALLSTATE T_RCURLY
   41       | T_IF T_LBRACKET COMPARE T_RBRACKET T_LCURLY T_RCURLY . T_ELSE T_LCURLY T_RCURLY

    T_ELSE  shift, and go to state 164

    $default  reduce using rule 37 (IFLOOP)


State 156

   36 IFLOOP: T_IF T_LBRACKET COMPARE T_RBRACKET T_LCURLY ALLSTATE . T_RCURLY
   38       | T_IF T_LBRACKET COMPARE T_RBRACKET T_LCURLY ALLSTATE . T_RCURLY T_ELSE T_LCURLY ALLSTATE T_RCURLY
   39       | T_IF T_LBRACKET COMPARE T_RBRACKET T_LCURLY ALLSTATE . T_RCURLY T_ELSE T_LCURLY T_RCURLY

    T_RCURLY  shift, and go to state 165


State 157

   12 FUNCTION: TYPE T_VARIABLE T_LBRACKET T_RBRACKET T_LCURLY ALLSTATE T_RCURLY .

    $default  reduce using rule 12 (FUNCTION)


State 158

   14 FUNCTION: TYPE T_VARIABLE T_LBRACKET PARAMLIST T_RBRACKET T_LCURLY T_RCURLY .

    $default  reduce using rule 14 (FUNCTION)


State 159

   11 FUNCTION: TYPE T_VARIABLE T_LBRACKET PARAMLIST T_RBRACKET T_LCURLY ALLSTATE . T_RCURLY

    T_RCURLY  shift, and go to state 166


State 160

   45 WHILE: T_WHILE T_LBRACKET FACTOR T_RBRACKET T_LCURLY ALLSTATE T_RCURLY .

    $default  reduce using rule 45 (WHILE)


State 161

   43 WHILE: T_WHILE T_LBRACKET COMPARE T_RBRACKET T_LCURLY ALLSTATE T_RCURLY .

    $default  reduce using rule 43 (WHILE)


State 162

   47 FORLOOP: T_FOR T_LBRACKET DECLARATION COMPARE T_SEMICOLON STATEMENT T_RBRACKET . T_LCURLY ALLSTATE T_RCURLY

    T_LCURLY  shift, and go to state 167


State 163

   42 IFLOOP: T_IF T_LBRACKET FACTOR T_RBRACKET T_LCURLY ALLSTATE T_RCURLY .

    $default  reduce using rule 42 (IFLOOP)


State 164

   40 IFLOOP: T_IF T_LBRACKET COMPARE T_RBRACKET T_LCURLY T_RCURLY T_ELSE . T_LCURLY ALLSTATE T_RCURLY
   41       | T_IF T_LBRACKET COMPARE T_RBRACKET T_LCURLY T_RCURLY T_ELSE . T_LCURLY T_RCURLY

    T_LCURLY  shift, and go to state 168


State 165

   36 IFLOOP: T_IF T_LBRACKET COMPARE T_RBRACKET T_LCURLY ALLSTATE T_RCURLY .
   38       | T_IF T_LBRACKET COMPARE T_RBRACKET T_LCURLY ALLSTATE T_RCURLY . T_ELSE T_LCURLY ALLSTATE T_RCURLY
   39       | T_IF T_LBRACKET COMPARE T_RBRACKET T_LCURLY ALLSTATE T_RCURLY . T_ELSE T_LCURLY T_RCURLY

    T_ELSE  shift, and go to state 169

    $default  reduce using rule 36 (IFLOOP)


State 166

   11 FUNCTION: TYPE T_VARIABLE T_LBRACKET PARAMLIST T_RBRACKET T_LCURLY ALLSTATE T_RCURLY .

    $default  reduce using rule 11 (FUNCTION)


State 167

   47 FORLOOP: T_FOR T_LBRACKET DECLARATION COMPARE T_SEMICOLON STATEMENT T_RBRACKET T_LCURLY . ALLSTATE T_RCURLY

    T_RETURN    shift, and go to state 23
    T_WHILE     shift, and go to state 24
    T_FOR       shift, and go to state 25
    T_VARIABLE  shift, and go to state 26
    T_NUMINT    shift, and go to state 4
    T_IF        shift, and go to state 27
    T_INC_OP    shift, and go to state 28
    T_DEC_OP    shift, and go to state 29
    T_CHAR      shift, and go to state 5

    ALLSTATE         go to state 170
    STATEMENTLIST    go to state 32
    STATEMENT        go to state 33
    IFLOOP           go to state 34
    WHILE            go to state 35
    FORLOOP          go to state 36
    DECLARATIONLIST  go to state 139
    DECLARATION      go to state 13
    TYPE             go to state 97
    INCDEC           go to state 38


State 168

   40 IFLOOP: T_IF T_LBRACKET COMPARE T_RBRACKET T_LCURLY T_RCURLY T_ELSE T_LCURLY . ALLSTATE T_RCURLY
   41       | T_IF T_LBRACKET COMPARE T_RBRACKET T_LCURLY T_RCURLY T_ELSE T_LCURLY . T_RCURLY

    T_RETURN    shift, and go to state 23
    T_WHILE     shift, and go to state 24
    T_FOR       shift, and go to state 25
    T_VARIABLE  shift, and go to state 26
    T_RCURLY    shift, and go to state 171
    T_NUMINT    shift, and go to state 4
    T_IF        shift, and go to state 27
    T_INC_OP    shift, and go to state 28
    T_DEC_OP    shift, and go to state 29
    T_CHAR      shift, and go to state 5

    ALLSTATE         go to state 172
    STATEMENTLIST    go to state 32
    STATEMENT        go to state 33
    IFLOOP           go to state 34
    WHILE            go to state 35
    FORLOOP          go to state 36
    DECLARATIONLIST  go to state 139
    DECLARATION      go to state 13
    TYPE             go to state 97
    INCDEC           go to state 38


State 169

   38 IFLOOP: T_IF T_LBRACKET COMPARE T_RBRACKET T_LCURLY ALLSTATE T_RCURLY T_ELSE . T_LCURLY ALLSTATE T_RCURLY
   39       | T_IF T_LBRACKET COMPARE T_RBRACKET T_LCURLY ALLSTATE T_RCURLY T_ELSE . T_LCURLY T_RCURLY

    T_LCURLY  shift, and go to state 173


State 170

   47 FORLOOP: T_FOR T_LBRACKET DECLARATION COMPARE T_SEMICOLON STATEMENT T_RBRACKET T_LCURLY ALLSTATE . T_RCURLY

    T_RCURLY  shift, and go to state 174


State 171

   41 IFLOOP: T_IF T_LBRACKET COMPARE T_RBRACKET T_LCURLY T_RCURLY T_ELSE T_LCURLY T_RCURLY .

    $default  reduce using rule 41 (IFLOOP)


State 172

   40 IFLOOP: T_IF T_LBRACKET COMPARE T_RBRACKET T_LCURLY T_RCURLY T_ELSE T_LCURLY ALLSTATE . T_RCURLY

    T_RCURLY  shift, and go to state 175


State 173

   38 IFLOOP: T_IF T_LBRACKET COMPARE T_RBRACKET T_LCURLY ALLSTATE T_RCURLY T_ELSE T_LCURLY . ALLSTATE T_RCURLY
   39       | T_IF T_LBRACKET COMPARE T_RBRACKET T_LCURLY ALLSTATE T_RCURLY T_ELSE T_LCURLY . T_RCURLY

    T_RETURN    shift, and go to state 23
    T_WHILE     shift, and go to state 24
    T_FOR       shift, and go to state 25
    T_VARIABLE  shift, and go to state 26
    T_RCURLY    shift, and go to state 176
    T_NUMINT    shift, and go to state 4
    T_IF        shift, and go to state 27
    T_INC_OP    shift, and go to state 28
    T_DEC_OP    shift, and go to state 29
    T_CHAR      shift, and go to state 5

    ALLSTATE         go to state 177
    STATEMENTLIST    go to state 32
    STATEMENT        go to state 33
    IFLOOP           go to state 34
    WHILE            go to state 35
    FORLOOP          go to state 36
    DECLARATIONLIST  go to state 139
    DECLARATION      go to state 13
    TYPE             go to state 97
    INCDEC           go to state 38


State 174

   47 FORLOOP: T_FOR T_LBRACKET DECLARATION COMPARE T_SEMICOLON STATEMENT T_RBRACKET T_LCURLY ALLSTATE T_RCURLY .

    $default  reduce using rule 47 (FORLOOP)


State 175

   40 IFLOOP: T_IF T_LBRACKET COMPARE T_RBRACKET T_LCURLY T_RCURLY T_ELSE T_LCURLY ALLSTATE T_RCURLY .

    $default  reduce using rule 40 (IFLOOP)


State 176

   39 IFLOOP: T_IF T_LBRACKET COMPARE T_RBRACKET T_LCURLY ALLSTATE T_RCURLY T_ELSE T_LCURLY T_RCURLY .

    $default  reduce using rule 39 (IFLOOP)


State 177

   38 IFLOOP: T_IF T_LBRACKET COMPARE T_RBRACKET T_LCURLY ALLSTATE T_RCURLY T_ELSE T_LCURLY ALLSTATE . T_RCURLY

    T_RCURLY  shift, and go to state 178


State 178

   38 IFLOOP: T_IF T_LBRACKET COMPARE T_RBRACKET T_LCURLY ALLSTATE T_RCURLY T_ELSE T_LCURLY ALLSTATE T_RCURLY .

    $default  reduce using rule 38 (IFLOOP)
